<?xml version="1.0" encoding="UTF-8"?>
<testsuite xmlns:xsi="http://www.w3.org/2001/XMLSchema-instance" xsi:noNamespaceSchemaLocation="https://maven.apache.org/surefire/maven-surefire-plugin/xsd/surefire-test-report-3.0.xsd" version="3.0" name="com.example.demo.DemoApplicationTests" time="8.197" tests="10" errors="0" skipped="0" failures="0">
  <properties>
    <property name="java.specification.version" value="17"/>
    <property name="sun.cpu.isalist" value="amd64"/>
    <property name="sun.jnu.encoding" value="Cp1252"/>
    <property name="java.class.path" value="C:\Users\luzma\Desktop\ARSW_Project\P_ARSW-Player\target\test-classes;C:\Users\luzma\Desktop\ARSW_Project\P_ARSW-Player\target\classes;C:\Users\luzma\.m2\repository\org\springframework\boot\spring-boot-starter-actuator\3.3.4\spring-boot-starter-actuator-3.3.4.jar;C:\Users\luzma\.m2\repository\org\springframework\boot\spring-boot-starter\3.3.4\spring-boot-starter-3.3.4.jar;C:\Users\luzma\.m2\repository\org\springframework\boot\spring-boot\3.3.4\spring-boot-3.3.4.jar;C:\Users\luzma\.m2\repository\org\springframework\boot\spring-boot-autoconfigure\3.3.4\spring-boot-autoconfigure-3.3.4.jar;C:\Users\luzma\.m2\repository\org\springframework\boot\spring-boot-starter-logging\3.3.4\spring-boot-starter-logging-3.3.4.jar;C:\Users\luzma\.m2\repository\ch\qos\logback\logback-classic\1.5.8\logback-classic-1.5.8.jar;C:\Users\luzma\.m2\repository\ch\qos\logback\logback-core\1.5.8\logback-core-1.5.8.jar;C:\Users\luzma\.m2\repository\org\apache\logging\log4j\log4j-to-slf4j\2.23.1\log4j-to-slf4j-2.23.1.jar;C:\Users\luzma\.m2\repository\org\apache\logging\log4j\log4j-api\2.23.1\log4j-api-2.23.1.jar;C:\Users\luzma\.m2\repository\org\slf4j\jul-to-slf4j\2.0.16\jul-to-slf4j-2.0.16.jar;C:\Users\luzma\.m2\repository\jakarta\annotation\jakarta.annotation-api\2.1.1\jakarta.annotation-api-2.1.1.jar;C:\Users\luzma\.m2\repository\org\yaml\snakeyaml\2.2\snakeyaml-2.2.jar;C:\Users\luzma\.m2\repository\org\springframework\boot\spring-boot-actuator-autoconfigure\3.3.4\spring-boot-actuator-autoconfigure-3.3.4.jar;C:\Users\luzma\.m2\repository\org\springframework\boot\spring-boot-actuator\3.3.4\spring-boot-actuator-3.3.4.jar;C:\Users\luzma\.m2\repository\com\fasterxml\jackson\core\jackson-databind\2.17.2\jackson-databind-2.17.2.jar;C:\Users\luzma\.m2\repository\com\fasterxml\jackson\core\jackson-annotations\2.17.2\jackson-annotations-2.17.2.jar;C:\Users\luzma\.m2\repository\com\fasterxml\jackson\core\jackson-core\2.17.2\jackson-core-2.17.2.jar;C:\Users\luzma\.m2\repository\com\fasterxml\jackson\datatype\jackson-datatype-jsr310\2.17.2\jackson-datatype-jsr310-2.17.2.jar;C:\Users\luzma\.m2\repository\io\micrometer\micrometer-observation\1.13.4\micrometer-observation-1.13.4.jar;C:\Users\luzma\.m2\repository\io\micrometer\micrometer-commons\1.13.4\micrometer-commons-1.13.4.jar;C:\Users\luzma\.m2\repository\io\micrometer\micrometer-jakarta9\1.13.4\micrometer-jakarta9-1.13.4.jar;C:\Users\luzma\.m2\repository\io\micrometer\micrometer-core\1.13.4\micrometer-core-1.13.4.jar;C:\Users\luzma\.m2\repository\org\hdrhistogram\HdrHistogram\2.2.2\HdrHistogram-2.2.2.jar;C:\Users\luzma\.m2\repository\org\latencyutils\LatencyUtils\2.0.3\LatencyUtils-2.0.3.jar;C:\Users\luzma\.m2\repository\org\springframework\boot\spring-boot-starter-data-mongodb\3.3.4\spring-boot-starter-data-mongodb-3.3.4.jar;C:\Users\luzma\.m2\repository\org\mongodb\mongodb-driver-sync\5.0.1\mongodb-driver-sync-5.0.1.jar;C:\Users\luzma\.m2\repository\org\mongodb\bson\5.0.1\bson-5.0.1.jar;C:\Users\luzma\.m2\repository\org\mongodb\mongodb-driver-core\5.0.1\mongodb-driver-core-5.0.1.jar;C:\Users\luzma\.m2\repository\org\mongodb\bson-record-codec\5.0.1\bson-record-codec-5.0.1.jar;C:\Users\luzma\.m2\repository\org\springframework\data\spring-data-mongodb\4.3.4\spring-data-mongodb-4.3.4.jar;C:\Users\luzma\.m2\repository\org\springframework\spring-tx\6.1.13\spring-tx-6.1.13.jar;C:\Users\luzma\.m2\repository\org\springframework\spring-context\6.1.13\spring-context-6.1.13.jar;C:\Users\luzma\.m2\repository\org\springframework\spring-beans\6.1.13\spring-beans-6.1.13.jar;C:\Users\luzma\.m2\repository\org\springframework\spring-expression\6.1.13\spring-expression-6.1.13.jar;C:\Users\luzma\.m2\repository\org\springframework\data\spring-data-commons\3.3.4\spring-data-commons-3.3.4.jar;C:\Users\luzma\.m2\repository\org\slf4j\slf4j-api\2.0.16\slf4j-api-2.0.16.jar;C:\Users\luzma\.m2\repository\org\springframework\boot\spring-boot-starter-web\3.3.4\spring-boot-starter-web-3.3.4.jar;C:\Users\luzma\.m2\repository\org\springframework\boot\spring-boot-starter-json\3.3.4\spring-boot-starter-json-3.3.4.jar;C:\Users\luzma\.m2\repository\com\fasterxml\jackson\datatype\jackson-datatype-jdk8\2.17.2\jackson-datatype-jdk8-2.17.2.jar;C:\Users\luzma\.m2\repository\com\fasterxml\jackson\module\jackson-module-parameter-names\2.17.2\jackson-module-parameter-names-2.17.2.jar;C:\Users\luzma\.m2\repository\org\springframework\boot\spring-boot-starter-tomcat\3.3.4\spring-boot-starter-tomcat-3.3.4.jar;C:\Users\luzma\.m2\repository\org\apache\tomcat\embed\tomcat-embed-core\10.1.30\tomcat-embed-core-10.1.30.jar;C:\Users\luzma\.m2\repository\org\apache\tomcat\embed\tomcat-embed-el\10.1.30\tomcat-embed-el-10.1.30.jar;C:\Users\luzma\.m2\repository\org\apache\tomcat\embed\tomcat-embed-websocket\10.1.30\tomcat-embed-websocket-10.1.30.jar;C:\Users\luzma\.m2\repository\org\springframework\spring-web\6.1.13\spring-web-6.1.13.jar;C:\Users\luzma\.m2\repository\org\springframework\spring-webmvc\6.1.13\spring-webmvc-6.1.13.jar;C:\Users\luzma\.m2\repository\org\springframework\spring-aop\6.1.13\spring-aop-6.1.13.jar;C:\Users\luzma\.m2\repository\org\springframework\boot\spring-boot-starter-thymeleaf\3.3.4\spring-boot-starter-thymeleaf-3.3.4.jar;C:\Users\luzma\.m2\repository\org\thymeleaf\thymeleaf-spring6\3.1.2.RELEASE\thymeleaf-spring6-3.1.2.RELEASE.jar;C:\Users\luzma\.m2\repository\org\thymeleaf\thymeleaf\3.1.2.RELEASE\thymeleaf-3.1.2.RELEASE.jar;C:\Users\luzma\.m2\repository\org\attoparser\attoparser\2.0.7.RELEASE\attoparser-2.0.7.RELEASE.jar;C:\Users\luzma\.m2\repository\org\unbescape\unbescape\1.1.6.RELEASE\unbescape-1.1.6.RELEASE.jar;C:\Users\luzma\.m2\repository\org\projectlombok\lombok\1.18.34\lombok-1.18.34.jar;C:\Users\luzma\.m2\repository\org\springframework\boot\spring-boot-starter-test\3.3.4\spring-boot-starter-test-3.3.4.jar;C:\Users\luzma\.m2\repository\org\springframework\boot\spring-boot-test\3.3.4\spring-boot-test-3.3.4.jar;C:\Users\luzma\.m2\repository\org\springframework\boot\spring-boot-test-autoconfigure\3.3.4\spring-boot-test-autoconfigure-3.3.4.jar;C:\Users\luzma\.m2\repository\com\jayway\jsonpath\json-path\2.9.0\json-path-2.9.0.jar;C:\Users\luzma\.m2\repository\jakarta\xml\bind\jakarta.xml.bind-api\4.0.2\jakarta.xml.bind-api-4.0.2.jar;C:\Users\luzma\.m2\repository\jakarta\activation\jakarta.activation-api\2.1.3\jakarta.activation-api-2.1.3.jar;C:\Users\luzma\.m2\repository\net\minidev\json-smart\2.5.1\json-smart-2.5.1.jar;C:\Users\luzma\.m2\repository\net\minidev\accessors-smart\2.5.1\accessors-smart-2.5.1.jar;C:\Users\luzma\.m2\repository\org\ow2\asm\asm\9.6\asm-9.6.jar;C:\Users\luzma\.m2\repository\org\assertj\assertj-core\3.25.3\assertj-core-3.25.3.jar;C:\Users\luzma\.m2\repository\net\bytebuddy\byte-buddy\1.14.19\byte-buddy-1.14.19.jar;C:\Users\luzma\.m2\repository\org\awaitility\awaitility\4.2.2\awaitility-4.2.2.jar;C:\Users\luzma\.m2\repository\org\hamcrest\hamcrest\2.2\hamcrest-2.2.jar;C:\Users\luzma\.m2\repository\org\junit\jupiter\junit-jupiter\5.10.3\junit-jupiter-5.10.3.jar;C:\Users\luzma\.m2\repository\org\junit\jupiter\junit-jupiter-api\5.10.3\junit-jupiter-api-5.10.3.jar;C:\Users\luzma\.m2\repository\org\opentest4j\opentest4j\1.3.0\opentest4j-1.3.0.jar;C:\Users\luzma\.m2\repository\org\junit\platform\junit-platform-commons\1.10.3\junit-platform-commons-1.10.3.jar;C:\Users\luzma\.m2\repository\org\apiguardian\apiguardian-api\1.1.2\apiguardian-api-1.1.2.jar;C:\Users\luzma\.m2\repository\org\junit\jupiter\junit-jupiter-params\5.10.3\junit-jupiter-params-5.10.3.jar;C:\Users\luzma\.m2\repository\org\junit\jupiter\junit-jupiter-engine\5.10.3\junit-jupiter-engine-5.10.3.jar;C:\Users\luzma\.m2\repository\org\junit\platform\junit-platform-engine\1.10.3\junit-platform-engine-1.10.3.jar;C:\Users\luzma\.m2\repository\org\mockito\mockito-core\5.11.0\mockito-core-5.11.0.jar;C:\Users\luzma\.m2\repository\net\bytebuddy\byte-buddy-agent\1.14.19\byte-buddy-agent-1.14.19.jar;C:\Users\luzma\.m2\repository\org\objenesis\objenesis\3.3\objenesis-3.3.jar;C:\Users\luzma\.m2\repository\org\mockito\mockito-junit-jupiter\5.11.0\mockito-junit-jupiter-5.11.0.jar;C:\Users\luzma\.m2\repository\org\skyscreamer\jsonassert\1.5.3\jsonassert-1.5.3.jar;C:\Users\luzma\.m2\repository\com\vaadin\external\google\android-json\0.0.20131108.vaadin1\android-json-0.0.20131108.vaadin1.jar;C:\Users\luzma\.m2\repository\org\springframework\spring-core\6.1.13\spring-core-6.1.13.jar;C:\Users\luzma\.m2\repository\org\springframework\spring-jcl\6.1.13\spring-jcl-6.1.13.jar;C:\Users\luzma\.m2\repository\org\springframework\spring-test\6.1.13\spring-test-6.1.13.jar;C:\Users\luzma\.m2\repository\org\xmlunit\xmlunit-core\2.9.1\xmlunit-core-2.9.1.jar;"/>
    <property name="java.vm.vendor" value="Oracle Corporation"/>
    <property name="sun.arch.data.model" value="64"/>
    <property name="user.variant" value=""/>
    <property name="java.vendor.url" value="https://java.oracle.com/"/>
    <property name="user.timezone" value="America/Bogota"/>
    <property name="os.name" value="Windows 11"/>
    <property name="java.vm.specification.version" value="17"/>
    <property name="sun.java.launcher" value="SUN_STANDARD"/>
    <property name="user.country" value="CO"/>
    <property name="sun.boot.library.path" value="C:\Program Files\Java\jdk-17\bin"/>
    <property name="sun.java.command" value="C:\Users\luzma\AppData\Local\Temp\surefire14792284172525944302\surefirebooter-20241203122242061_3.jar C:\Users\luzma\AppData\Local\Temp\surefire14792284172525944302 2024-12-03T12-22-41_899-jvmRun1 surefire-20241203122242061_1tmp surefire_0-20241203122242061_2tmp"/>
    <property name="jdk.debug" value="release"/>
    <property name="surefire.test.class.path" value="C:\Users\luzma\Desktop\ARSW_Project\P_ARSW-Player\target\test-classes;C:\Users\luzma\Desktop\ARSW_Project\P_ARSW-Player\target\classes;C:\Users\luzma\.m2\repository\org\springframework\boot\spring-boot-starter-actuator\3.3.4\spring-boot-starter-actuator-3.3.4.jar;C:\Users\luzma\.m2\repository\org\springframework\boot\spring-boot-starter\3.3.4\spring-boot-starter-3.3.4.jar;C:\Users\luzma\.m2\repository\org\springframework\boot\spring-boot\3.3.4\spring-boot-3.3.4.jar;C:\Users\luzma\.m2\repository\org\springframework\boot\spring-boot-autoconfigure\3.3.4\spring-boot-autoconfigure-3.3.4.jar;C:\Users\luzma\.m2\repository\org\springframework\boot\spring-boot-starter-logging\3.3.4\spring-boot-starter-logging-3.3.4.jar;C:\Users\luzma\.m2\repository\ch\qos\logback\logback-classic\1.5.8\logback-classic-1.5.8.jar;C:\Users\luzma\.m2\repository\ch\qos\logback\logback-core\1.5.8\logback-core-1.5.8.jar;C:\Users\luzma\.m2\repository\org\apache\logging\log4j\log4j-to-slf4j\2.23.1\log4j-to-slf4j-2.23.1.jar;C:\Users\luzma\.m2\repository\org\apache\logging\log4j\log4j-api\2.23.1\log4j-api-2.23.1.jar;C:\Users\luzma\.m2\repository\org\slf4j\jul-to-slf4j\2.0.16\jul-to-slf4j-2.0.16.jar;C:\Users\luzma\.m2\repository\jakarta\annotation\jakarta.annotation-api\2.1.1\jakarta.annotation-api-2.1.1.jar;C:\Users\luzma\.m2\repository\org\yaml\snakeyaml\2.2\snakeyaml-2.2.jar;C:\Users\luzma\.m2\repository\org\springframework\boot\spring-boot-actuator-autoconfigure\3.3.4\spring-boot-actuator-autoconfigure-3.3.4.jar;C:\Users\luzma\.m2\repository\org\springframework\boot\spring-boot-actuator\3.3.4\spring-boot-actuator-3.3.4.jar;C:\Users\luzma\.m2\repository\com\fasterxml\jackson\core\jackson-databind\2.17.2\jackson-databind-2.17.2.jar;C:\Users\luzma\.m2\repository\com\fasterxml\jackson\core\jackson-annotations\2.17.2\jackson-annotations-2.17.2.jar;C:\Users\luzma\.m2\repository\com\fasterxml\jackson\core\jackson-core\2.17.2\jackson-core-2.17.2.jar;C:\Users\luzma\.m2\repository\com\fasterxml\jackson\datatype\jackson-datatype-jsr310\2.17.2\jackson-datatype-jsr310-2.17.2.jar;C:\Users\luzma\.m2\repository\io\micrometer\micrometer-observation\1.13.4\micrometer-observation-1.13.4.jar;C:\Users\luzma\.m2\repository\io\micrometer\micrometer-commons\1.13.4\micrometer-commons-1.13.4.jar;C:\Users\luzma\.m2\repository\io\micrometer\micrometer-jakarta9\1.13.4\micrometer-jakarta9-1.13.4.jar;C:\Users\luzma\.m2\repository\io\micrometer\micrometer-core\1.13.4\micrometer-core-1.13.4.jar;C:\Users\luzma\.m2\repository\org\hdrhistogram\HdrHistogram\2.2.2\HdrHistogram-2.2.2.jar;C:\Users\luzma\.m2\repository\org\latencyutils\LatencyUtils\2.0.3\LatencyUtils-2.0.3.jar;C:\Users\luzma\.m2\repository\org\springframework\boot\spring-boot-starter-data-mongodb\3.3.4\spring-boot-starter-data-mongodb-3.3.4.jar;C:\Users\luzma\.m2\repository\org\mongodb\mongodb-driver-sync\5.0.1\mongodb-driver-sync-5.0.1.jar;C:\Users\luzma\.m2\repository\org\mongodb\bson\5.0.1\bson-5.0.1.jar;C:\Users\luzma\.m2\repository\org\mongodb\mongodb-driver-core\5.0.1\mongodb-driver-core-5.0.1.jar;C:\Users\luzma\.m2\repository\org\mongodb\bson-record-codec\5.0.1\bson-record-codec-5.0.1.jar;C:\Users\luzma\.m2\repository\org\springframework\data\spring-data-mongodb\4.3.4\spring-data-mongodb-4.3.4.jar;C:\Users\luzma\.m2\repository\org\springframework\spring-tx\6.1.13\spring-tx-6.1.13.jar;C:\Users\luzma\.m2\repository\org\springframework\spring-context\6.1.13\spring-context-6.1.13.jar;C:\Users\luzma\.m2\repository\org\springframework\spring-beans\6.1.13\spring-beans-6.1.13.jar;C:\Users\luzma\.m2\repository\org\springframework\spring-expression\6.1.13\spring-expression-6.1.13.jar;C:\Users\luzma\.m2\repository\org\springframework\data\spring-data-commons\3.3.4\spring-data-commons-3.3.4.jar;C:\Users\luzma\.m2\repository\org\slf4j\slf4j-api\2.0.16\slf4j-api-2.0.16.jar;C:\Users\luzma\.m2\repository\org\springframework\boot\spring-boot-starter-web\3.3.4\spring-boot-starter-web-3.3.4.jar;C:\Users\luzma\.m2\repository\org\springframework\boot\spring-boot-starter-json\3.3.4\spring-boot-starter-json-3.3.4.jar;C:\Users\luzma\.m2\repository\com\fasterxml\jackson\datatype\jackson-datatype-jdk8\2.17.2\jackson-datatype-jdk8-2.17.2.jar;C:\Users\luzma\.m2\repository\com\fasterxml\jackson\module\jackson-module-parameter-names\2.17.2\jackson-module-parameter-names-2.17.2.jar;C:\Users\luzma\.m2\repository\org\springframework\boot\spring-boot-starter-tomcat\3.3.4\spring-boot-starter-tomcat-3.3.4.jar;C:\Users\luzma\.m2\repository\org\apache\tomcat\embed\tomcat-embed-core\10.1.30\tomcat-embed-core-10.1.30.jar;C:\Users\luzma\.m2\repository\org\apache\tomcat\embed\tomcat-embed-el\10.1.30\tomcat-embed-el-10.1.30.jar;C:\Users\luzma\.m2\repository\org\apache\tomcat\embed\tomcat-embed-websocket\10.1.30\tomcat-embed-websocket-10.1.30.jar;C:\Users\luzma\.m2\repository\org\springframework\spring-web\6.1.13\spring-web-6.1.13.jar;C:\Users\luzma\.m2\repository\org\springframework\spring-webmvc\6.1.13\spring-webmvc-6.1.13.jar;C:\Users\luzma\.m2\repository\org\springframework\spring-aop\6.1.13\spring-aop-6.1.13.jar;C:\Users\luzma\.m2\repository\org\springframework\boot\spring-boot-starter-thymeleaf\3.3.4\spring-boot-starter-thymeleaf-3.3.4.jar;C:\Users\luzma\.m2\repository\org\thymeleaf\thymeleaf-spring6\3.1.2.RELEASE\thymeleaf-spring6-3.1.2.RELEASE.jar;C:\Users\luzma\.m2\repository\org\thymeleaf\thymeleaf\3.1.2.RELEASE\thymeleaf-3.1.2.RELEASE.jar;C:\Users\luzma\.m2\repository\org\attoparser\attoparser\2.0.7.RELEASE\attoparser-2.0.7.RELEASE.jar;C:\Users\luzma\.m2\repository\org\unbescape\unbescape\1.1.6.RELEASE\unbescape-1.1.6.RELEASE.jar;C:\Users\luzma\.m2\repository\org\projectlombok\lombok\1.18.34\lombok-1.18.34.jar;C:\Users\luzma\.m2\repository\org\springframework\boot\spring-boot-starter-test\3.3.4\spring-boot-starter-test-3.3.4.jar;C:\Users\luzma\.m2\repository\org\springframework\boot\spring-boot-test\3.3.4\spring-boot-test-3.3.4.jar;C:\Users\luzma\.m2\repository\org\springframework\boot\spring-boot-test-autoconfigure\3.3.4\spring-boot-test-autoconfigure-3.3.4.jar;C:\Users\luzma\.m2\repository\com\jayway\jsonpath\json-path\2.9.0\json-path-2.9.0.jar;C:\Users\luzma\.m2\repository\jakarta\xml\bind\jakarta.xml.bind-api\4.0.2\jakarta.xml.bind-api-4.0.2.jar;C:\Users\luzma\.m2\repository\jakarta\activation\jakarta.activation-api\2.1.3\jakarta.activation-api-2.1.3.jar;C:\Users\luzma\.m2\repository\net\minidev\json-smart\2.5.1\json-smart-2.5.1.jar;C:\Users\luzma\.m2\repository\net\minidev\accessors-smart\2.5.1\accessors-smart-2.5.1.jar;C:\Users\luzma\.m2\repository\org\ow2\asm\asm\9.6\asm-9.6.jar;C:\Users\luzma\.m2\repository\org\assertj\assertj-core\3.25.3\assertj-core-3.25.3.jar;C:\Users\luzma\.m2\repository\net\bytebuddy\byte-buddy\1.14.19\byte-buddy-1.14.19.jar;C:\Users\luzma\.m2\repository\org\awaitility\awaitility\4.2.2\awaitility-4.2.2.jar;C:\Users\luzma\.m2\repository\org\hamcrest\hamcrest\2.2\hamcrest-2.2.jar;C:\Users\luzma\.m2\repository\org\junit\jupiter\junit-jupiter\5.10.3\junit-jupiter-5.10.3.jar;C:\Users\luzma\.m2\repository\org\junit\jupiter\junit-jupiter-api\5.10.3\junit-jupiter-api-5.10.3.jar;C:\Users\luzma\.m2\repository\org\opentest4j\opentest4j\1.3.0\opentest4j-1.3.0.jar;C:\Users\luzma\.m2\repository\org\junit\platform\junit-platform-commons\1.10.3\junit-platform-commons-1.10.3.jar;C:\Users\luzma\.m2\repository\org\apiguardian\apiguardian-api\1.1.2\apiguardian-api-1.1.2.jar;C:\Users\luzma\.m2\repository\org\junit\jupiter\junit-jupiter-params\5.10.3\junit-jupiter-params-5.10.3.jar;C:\Users\luzma\.m2\repository\org\junit\jupiter\junit-jupiter-engine\5.10.3\junit-jupiter-engine-5.10.3.jar;C:\Users\luzma\.m2\repository\org\junit\platform\junit-platform-engine\1.10.3\junit-platform-engine-1.10.3.jar;C:\Users\luzma\.m2\repository\org\mockito\mockito-core\5.11.0\mockito-core-5.11.0.jar;C:\Users\luzma\.m2\repository\net\bytebuddy\byte-buddy-agent\1.14.19\byte-buddy-agent-1.14.19.jar;C:\Users\luzma\.m2\repository\org\objenesis\objenesis\3.3\objenesis-3.3.jar;C:\Users\luzma\.m2\repository\org\mockito\mockito-junit-jupiter\5.11.0\mockito-junit-jupiter-5.11.0.jar;C:\Users\luzma\.m2\repository\org\skyscreamer\jsonassert\1.5.3\jsonassert-1.5.3.jar;C:\Users\luzma\.m2\repository\com\vaadin\external\google\android-json\0.0.20131108.vaadin1\android-json-0.0.20131108.vaadin1.jar;C:\Users\luzma\.m2\repository\org\springframework\spring-core\6.1.13\spring-core-6.1.13.jar;C:\Users\luzma\.m2\repository\org\springframework\spring-jcl\6.1.13\spring-jcl-6.1.13.jar;C:\Users\luzma\.m2\repository\org\springframework\spring-test\6.1.13\spring-test-6.1.13.jar;C:\Users\luzma\.m2\repository\org\xmlunit\xmlunit-core\2.9.1\xmlunit-core-2.9.1.jar;"/>
    <property name="sun.cpu.endian" value="little"/>
    <property name="user.home" value="C:\Users\luzma"/>
    <property name="user.language" value="es"/>
    <property name="java.specification.vendor" value="Oracle Corporation"/>
    <property name="java.version.date" value="2024-01-16"/>
    <property name="java.home" value="C:\Program Files\Java\jdk-17"/>
    <property name="file.separator" value="\"/>
    <property name="basedir" value="C:\Users\luzma\Desktop\ARSW_Project\P_ARSW-Player"/>
    <property name="java.vm.compressedOopsMode" value="Zero based"/>
    <property name="line.separator" value="&#10;"/>
    <property name="java.vm.specification.vendor" value="Oracle Corporation"/>
    <property name="java.specification.name" value="Java Platform API Specification"/>
    <property name="FILE_LOG_CHARSET" value="windows-1252"/>
    <property name="java.awt.headless" value="true"/>
    <property name="surefire.real.class.path" value="C:\Users\luzma\AppData\Local\Temp\surefire14792284172525944302\surefirebooter-20241203122242061_3.jar"/>
    <property name="user.script" value=""/>
    <property name="sun.management.compiler" value="HotSpot 64-Bit Tiered Compilers"/>
    <property name="java.runtime.version" value="17.0.10+11-LTS-240"/>
    <property name="user.name" value="luzma"/>
    <property name="path.separator" value=";"/>
    <property name="os.version" value="10.0"/>
    <property name="java.runtime.name" value="Java(TM) SE Runtime Environment"/>
    <property name="file.encoding" value="Cp1252"/>
    <property name="java.vm.name" value="Java HotSpot(TM) 64-Bit Server VM"/>
    <property name="localRepository" value="C:\Users\luzma\.m2\repository"/>
    <property name="java.vendor.url.bug" value="https://bugreport.java.com/bugreport/"/>
    <property name="java.io.tmpdir" value="C:\Users\luzma\AppData\Local\Temp\"/>
    <property name="java.version" value="17.0.10"/>
    <property name="user.dir" value="C:\Users\luzma\Desktop\ARSW_Project\P_ARSW-Player"/>
    <property name="os.arch" value="amd64"/>
    <property name="java.vm.specification.name" value="Java Virtual Machine Specification"/>
    <property name="PID" value="26888"/>
    <property name="sun.os.patch.level" value=""/>
    <property name="CONSOLE_LOG_CHARSET" value="windows-1252"/>
    <property name="native.encoding" value="Cp1252"/>
    <property name="java.library.path" value="C:\Program Files\Java\jdk-17\bin;C:\WINDOWS\Sun\Java\bin;C:\WINDOWS\system32;C:\WINDOWS;C:\Program Files\Common Files\Oracle\Java\javapath;C:\WINDOWS\system32;C:\WINDOWS;C:\WINDOWS\System32\Wbem;C:\WINDOWS\System32\WindowsPowerShell\v1.0\;C:\WINDOWS\System32\OpenSSH\;C:\Program Files (x86)\NVIDIA Corporation\PhysX\Common;C:\Program Files\dotnet\;C:\Program Files (x86)\dotnet\;C:\Program Files\Microsoft SQL Server\Client SDK\ODBC\130\Tools\Binn\;C:\Program Files (x86)\Microsoft SQL Server\140\Tools\Binn\;C:\Program Files\Microsoft SQL Server\140\Tools\Binn\;C:\Program Files\Microsoft SQL Server\140\DTS\Binn\;C:\workspace\apache-maven-3.9.6-bin\apache-maven-3.9.6\bin;C:\Program Files\Git\cmd;C:\Program Files\nodejs\;C:\Program Files\Docker\Docker\resources\bin;;C:\Program Files\NVIDIA Corporation\NVIDIA app\NvDLISR;C:\Users\luzma\AppData\Local\Microsoft\WindowsApps;C:\Users\luzma\AppData\Local\Programs\Microsoft VS Code\bin;;C:\Program Files\JetBrains\IntelliJ IDEA Community Edition 2024.2.0.1\bin;;C:\Users\luzma\AppData\Roaming\npm;."/>
    <property name="java.vm.info" value="mixed mode, sharing"/>
    <property name="java.vendor" value="Oracle Corporation"/>
    <property name="java.vm.version" value="17.0.10+11-LTS-240"/>
    <property name="sun.io.unicode.encoding" value="UnicodeLittle"/>
    <property name="java.class.version" value="61.0"/>
    <property name="LOGGED_APPLICATION_NAME" value="[demo] "/>
  </properties>
  <testcase name="testCreatePlayer" classname="com.example.demo.DemoApplicationTests" time="1.665">
    <system-out><![CDATA[12:22:42.827 [main] INFO org.springframework.test.context.support.AnnotationConfigContextLoaderUtils -- Could not detect default configuration classes for test class [com.example.demo.DemoApplicationTests]: DemoApplicationTests does not declare any static, non-private, non-final, nested classes annotated with @Configuration.
12:22:42.969 [main] INFO org.springframework.boot.test.context.SpringBootTestContextBootstrapper -- Found @SpringBootConfiguration com.example.demo.DemoApplication for test class com.example.demo.DemoApplicationTests

  .   ____          _            __ _ _
 /\\ / ___'_ __ _ _(_)_ __  __ _ \ \ \ \
( ( )\___ | '_ | '_| | '_ \/ _` | \ \ \ \
 \\/  ___)| |_)| | | | | || (_| |  ) ) ) )
  '  |____| .__|_| |_|_| |_\__, | / / / /
 =========|_|==============|___/=/_/_/_/

 :: Spring Boot ::                (v3.3.4)

2024-12-03T12:22:43.416-05:00  INFO 26888 --- [demo] [           main] com.example.demo.DemoApplicationTests    : Starting DemoApplicationTests using Java 17.0.10 with PID 26888 (started by luzma in C:\Users\luzma\Desktop\ARSW_Project\P_ARSW-Player)
2024-12-03T12:22:43.418-05:00  INFO 26888 --- [demo] [           main] com.example.demo.DemoApplicationTests    : No active profile set, falling back to 1 default profile: "default"
2024-12-03T12:22:44.060-05:00  INFO 26888 --- [demo] [           main] .s.d.r.c.RepositoryConfigurationDelegate : Bootstrapping Spring Data MongoDB repositories in DEFAULT mode.
2024-12-03T12:22:44.109-05:00  INFO 26888 --- [demo] [           main] .s.d.r.c.RepositoryConfigurationDelegate : Finished Spring Data repository scanning in 44 ms. Found 1 MongoDB repository interface.
2024-12-03T12:22:45.044-05:00  INFO 26888 --- [demo] [           main] org.mongodb.driver.client                : MongoClient with metadata {"application": {"name": "LeaderBoards"}, "driver": {"name": "mongo-java-driver|sync", "version": "5.0.1"}, "os": {"type": "Windows", "name": "Windows 11", "architecture": "amd64", "version": "10.0"}, "platform": "Java/Oracle Corporation/17.0.10+11-LTS-240"} created with settings MongoClientSettings{readPreference=primary, writeConcern=WriteConcern{w=majority, wTimeout=null ms, journal=null}, retryWrites=true, retryReads=true, readConcern=ReadConcern{level=null}, credential=MongoCredential{mechanism=null, userName='admins', source='admin', password=<hidden>, mechanismProperties=<hidden>}, transportSettings=null, commandListeners=[], codecRegistry=ProvidersCodecRegistry{codecProviders=[ValueCodecProvider{}, BsonValueCodecProvider{}, DBRefCodecProvider{}, DBObjectCodecProvider{}, DocumentCodecProvider{}, CollectionCodecProvider{}, IterableCodecProvider{}, MapCodecProvider{}, GeoJsonCodecProvider{}, GridFSFileCodecProvider{}, Jsr310CodecProvider{}, JsonObjectCodecProvider{}, BsonCodecProvider{}, EnumCodecProvider{}, com.mongodb.client.model.mql.ExpressionCodecProvider@52831a73, com.mongodb.Jep395RecordCodecProvider@1416ff46, com.mongodb.KotlinCodecProvider@66ec4409]}, loggerSettings=LoggerSettings{maxDocumentLength=1000}, clusterSettings={hosts=[127.0.0.1:27017], srvHost=leaderboards.wcacf.mongodb.net, srvServiceName=mongodb, mode=MULTIPLE, requiredClusterType=REPLICA_SET, requiredReplicaSetName='atlas-re6o2q-shard-0', serverSelector='null', clusterListeners='[]', serverSelectionTimeout='30000 ms', localThreshold='15 ms'}, socketSettings=SocketSettings{connectTimeoutMS=10000, readTimeoutMS=0, receiveBufferSize=0, proxySettings=ProxySettings{host=null, port=null, username=null, password=null}}, heartbeatSocketSettings=SocketSettings{connectTimeoutMS=10000, readTimeoutMS=10000, receiveBufferSize=0, proxySettings=ProxySettings{host=null, port=null, username=null, password=null}}, connectionPoolSettings=ConnectionPoolSettings{maxSize=100, minSize=0, maxWaitTimeMS=120000, maxConnectionLifeTimeMS=0, maxConnectionIdleTimeMS=0, maintenanceInitialDelayMS=0, maintenanceFrequencyMS=60000, connectionPoolListeners=[], maxConnecting=2}, serverSettings=ServerSettings{heartbeatFrequencyMS=10000, minHeartbeatFrequencyMS=500, serverListeners='[]', serverMonitorListeners='[]'}, sslSettings=SslSettings{enabled=true, invalidHostNameAllowed=false, context=null}, applicationName='LeaderBoards', compressorList=[], uuidRepresentation=UNSPECIFIED, serverApi=null, autoEncryptionSettings=null, dnsClient=null, inetAddressResolver=null, contextProvider=null}
2024-12-03T12:22:45.105-05:00  INFO 26888 --- [demo] [acf.mongodb.net] org.mongodb.driver.cluster               : Adding discovered server leaderboards-shard-00-01.wcacf.mongodb.net:27017 to client view of cluster
2024-12-03T12:22:45.133-05:00  INFO 26888 --- [demo] [acf.mongodb.net] org.mongodb.driver.cluster               : Adding discovered server leaderboards-shard-00-02.wcacf.mongodb.net:27017 to client view of cluster
2024-12-03T12:22:45.141-05:00  INFO 26888 --- [demo] [acf.mongodb.net] org.mongodb.driver.cluster               : Adding discovered server leaderboards-shard-00-00.wcacf.mongodb.net:27017 to client view of cluster
2024-12-03T12:22:45.818-05:00  INFO 26888 --- [demo] [ngodb.net:27017] org.mongodb.driver.cluster               : Monitor thread successfully connected to server with description ServerDescription{address=leaderboards-shard-00-00.wcacf.mongodb.net:27017, type=REPLICA_SET_SECONDARY, state=CONNECTED, ok=true, minWireVersion=0, maxWireVersion=25, maxDocumentSize=16777216, logicalSessionTimeoutMinutes=30, roundTripTimeNanos=380933800, setName='atlas-re6o2q-shard-0', canonicalAddress=leaderboards-shard-00-00.wcacf.mongodb.net:27017, hosts=[leaderboards-shard-00-02.wcacf.mongodb.net:27017, leaderboards-shard-00-01.wcacf.mongodb.net:27017, leaderboards-shard-00-00.wcacf.mongodb.net:27017], passives=[], arbiters=[], primary='leaderboards-shard-00-02.wcacf.mongodb.net:27017', tagSet=TagSet{[Tag{name='diskState', value='READY'}, Tag{name='nodeType', value='ELECTABLE'}, Tag{name='provider', value='AZURE'}, Tag{name='region', value='US_EAST_2'}, Tag{name='workloadType', value='OPERATIONAL'}]}, electionId=null, setVersion=276, topologyVersion=TopologyVersion{processId=674f340b850b0c5f4ab54c0a, counter=5}, lastWriteDate=Tue Dec 03 12:23:48 COT 2024, lastUpdateTimeNanos=427086719015800}
2024-12-03T12:22:45.818-05:00  INFO 26888 --- [demo] [ngodb.net:27017] org.mongodb.driver.cluster               : Monitor thread successfully connected to server with description ServerDescription{address=leaderboards-shard-00-01.wcacf.mongodb.net:27017, type=REPLICA_SET_SECONDARY, state=CONNECTED, ok=true, minWireVersion=0, maxWireVersion=25, maxDocumentSize=16777216, logicalSessionTimeoutMinutes=30, roundTripTimeNanos=380922300, setName='atlas-re6o2q-shard-0', canonicalAddress=leaderboards-shard-00-01.wcacf.mongodb.net:27017, hosts=[leaderboards-shard-00-02.wcacf.mongodb.net:27017, leaderboards-shard-00-01.wcacf.mongodb.net:27017, leaderboards-shard-00-00.wcacf.mongodb.net:27017], passives=[], arbiters=[], primary='leaderboards-shard-00-02.wcacf.mongodb.net:27017', tagSet=TagSet{[Tag{name='diskState', value='READY'}, Tag{name='nodeType', value='ELECTABLE'}, Tag{name='provider', value='AZURE'}, Tag{name='region', value='US_EAST_2'}, Tag{name='workloadType', value='OPERATIONAL'}]}, electionId=null, setVersion=276, topologyVersion=TopologyVersion{processId=674f361bd8c16fdff767c4bf, counter=5}, lastWriteDate=Tue Dec 03 12:23:48 COT 2024, lastUpdateTimeNanos=427086719015700}
2024-12-03T12:22:45.818-05:00  INFO 26888 --- [demo] [ngodb.net:27017] org.mongodb.driver.cluster               : Monitor thread successfully connected to server with description ServerDescription{address=leaderboards-shard-00-02.wcacf.mongodb.net:27017, type=REPLICA_SET_PRIMARY, state=CONNECTED, ok=true, minWireVersion=0, maxWireVersion=25, maxDocumentSize=16777216, logicalSessionTimeoutMinutes=30, roundTripTimeNanos=381137100, setName='atlas-re6o2q-shard-0', canonicalAddress=leaderboards-shard-00-02.wcacf.mongodb.net:27017, hosts=[leaderboards-shard-00-02.wcacf.mongodb.net:27017, leaderboards-shard-00-01.wcacf.mongodb.net:27017, leaderboards-shard-00-00.wcacf.mongodb.net:27017], passives=[], arbiters=[], primary='leaderboards-shard-00-02.wcacf.mongodb.net:27017', tagSet=TagSet{[Tag{name='diskState', value='READY'}, Tag{name='nodeType', value='ELECTABLE'}, Tag{name='provider', value='AZURE'}, Tag{name='region', value='US_EAST_2'}, Tag{name='workloadType', value='OPERATIONAL'}]}, electionId=7fffffff0000000000000209, setVersion=276, topologyVersion=TopologyVersion{processId=674f30b9be3489943dd1b3f0, counter=9}, lastWriteDate=Tue Dec 03 12:23:48 COT 2024, lastUpdateTimeNanos=427086719015800}
2024-12-03T12:22:45.824-05:00  INFO 26888 --- [demo] [ngodb.net:27017] org.mongodb.driver.cluster               : Discovered replica set primary leaderboards-shard-00-02.wcacf.mongodb.net:27017 with max election id 7fffffff0000000000000209 and max set version 276
2024-12-03T12:22:46.237-05:00  INFO 26888 --- [demo] [           main] org.mongodb.driver.client                : MongoClient with metadata {"application": {"name": "LeaderBoards"}, "driver": {"name": "mongo-java-driver|sync|spring-boot", "version": "5.0.1"}, "os": {"type": "Windows", "name": "Windows 11", "architecture": "amd64", "version": "10.0"}, "platform": "Java/Oracle Corporation/17.0.10+11-LTS-240"} created with settings MongoClientSettings{readPreference=primary, writeConcern=WriteConcern{w=majority, wTimeout=null ms, journal=null}, retryWrites=true, retryReads=true, readConcern=ReadConcern{level=null}, credential=MongoCredential{mechanism=null, userName='admins', source='admin', password=<hidden>, mechanismProperties=<hidden>}, transportSettings=null, commandListeners=[io.micrometer.core.instrument.binder.mongodb.MongoMetricsCommandListener@571d0925], codecRegistry=ProvidersCodecRegistry{codecProviders=[ValueCodecProvider{}, BsonValueCodecProvider{}, DBRefCodecProvider{}, DBObjectCodecProvider{}, DocumentCodecProvider{}, CollectionCodecProvider{}, IterableCodecProvider{}, MapCodecProvider{}, GeoJsonCodecProvider{}, GridFSFileCodecProvider{}, Jsr310CodecProvider{}, JsonObjectCodecProvider{}, BsonCodecProvider{}, EnumCodecProvider{}, com.mongodb.client.model.mql.ExpressionCodecProvider@52831a73, com.mongodb.Jep395RecordCodecProvider@1416ff46, com.mongodb.KotlinCodecProvider@66ec4409]}, loggerSettings=LoggerSettings{maxDocumentLength=1000}, clusterSettings={hosts=[127.0.0.1:27017], srvHost=leaderboards.wcacf.mongodb.net, srvServiceName=mongodb, mode=MULTIPLE, requiredClusterType=REPLICA_SET, requiredReplicaSetName='atlas-re6o2q-shard-0', serverSelector='null', clusterListeners='[]', serverSelectionTimeout='30000 ms', localThreshold='15 ms'}, socketSettings=SocketSettings{connectTimeoutMS=10000, readTimeoutMS=0, receiveBufferSize=0, proxySettings=ProxySettings{host=null, port=null, username=null, password=null}}, heartbeatSocketSettings=SocketSettings{connectTimeoutMS=10000, readTimeoutMS=10000, receiveBufferSize=0, proxySettings=ProxySettings{host=null, port=null, username=null, password=null}}, connectionPoolSettings=ConnectionPoolSettings{maxSize=100, minSize=0, maxWaitTimeMS=120000, maxConnectionLifeTimeMS=0, maxConnectionIdleTimeMS=0, maintenanceInitialDelayMS=0, maintenanceFrequencyMS=60000, connectionPoolListeners=[io.micrometer.core.instrument.binder.mongodb.MongoMetricsConnectionPoolListener@54e0f76f], maxConnecting=2}, serverSettings=ServerSettings{heartbeatFrequencyMS=10000, minHeartbeatFrequencyMS=500, serverListeners='[]', serverMonitorListeners='[]'}, sslSettings=SslSettings{enabled=true, invalidHostNameAllowed=false, context=null}, applicationName='LeaderBoards', compressorList=[], uuidRepresentation=JAVA_LEGACY, serverApi=null, autoEncryptionSettings=null, dnsClient=null, inetAddressResolver=null, contextProvider=null}
2024-12-03T12:22:46.320-05:00  INFO 26888 --- [demo] [acf.mongodb.net] org.mongodb.driver.cluster               : Adding discovered server leaderboards-shard-00-01.wcacf.mongodb.net:27017 to client view of cluster
2024-12-03T12:22:46.325-05:00  INFO 26888 --- [demo] [acf.mongodb.net] org.mongodb.driver.cluster               : Adding discovered server leaderboards-shard-00-02.wcacf.mongodb.net:27017 to client view of cluster
2024-12-03T12:22:46.328-05:00  INFO 26888 --- [demo] [acf.mongodb.net] org.mongodb.driver.cluster               : Adding discovered server leaderboards-shard-00-00.wcacf.mongodb.net:27017 to client view of cluster
2024-12-03T12:22:46.378-05:00  INFO 26888 --- [demo] [           main] o.s.b.a.e.web.EndpointLinksResolver      : Exposing 14 endpoints beneath base path '/actuator'
2024-12-03T12:22:46.440-05:00  INFO 26888 --- [demo] [           main] com.example.demo.DemoApplicationTests    : Started DemoApplicationTests in 3.294 seconds (process running for 4.289)
2024-12-03T12:22:46.536-05:00  INFO 26888 --- [demo] [ngodb.net:27017] org.mongodb.driver.cluster               : Monitor thread successfully connected to server with description ServerDescription{address=leaderboards-shard-00-01.wcacf.mongodb.net:27017, type=REPLICA_SET_SECONDARY, state=CONNECTED, ok=true, minWireVersion=0, maxWireVersion=25, maxDocumentSize=16777216, logicalSessionTimeoutMinutes=30, roundTripTimeNanos=143061100, setName='atlas-re6o2q-shard-0', canonicalAddress=leaderboards-shard-00-01.wcacf.mongodb.net:27017, hosts=[leaderboards-shard-00-02.wcacf.mongodb.net:27017, leaderboards-shard-00-01.wcacf.mongodb.net:27017, leaderboards-shard-00-00.wcacf.mongodb.net:27017], passives=[], arbiters=[], primary='leaderboards-shard-00-02.wcacf.mongodb.net:27017', tagSet=TagSet{[Tag{name='diskState', value='READY'}, Tag{name='nodeType', value='ELECTABLE'}, Tag{name='provider', value='AZURE'}, Tag{name='region', value='US_EAST_2'}, Tag{name='workloadType', value='OPERATIONAL'}]}, electionId=null, setVersion=276, topologyVersion=TopologyVersion{processId=674f361bd8c16fdff767c4bf, counter=5}, lastWriteDate=Tue Dec 03 12:23:49 COT 2024, lastUpdateTimeNanos=427087439894200}
2024-12-03T12:22:46.537-05:00  INFO 26888 --- [demo] [ngodb.net:27017] org.mongodb.driver.cluster               : Monitor thread successfully connected to server with description ServerDescription{address=leaderboards-shard-00-02.wcacf.mongodb.net:27017, type=REPLICA_SET_PRIMARY, state=CONNECTED, ok=true, minWireVersion=0, maxWireVersion=25, maxDocumentSize=16777216, logicalSessionTimeoutMinutes=30, roundTripTimeNanos=138515400, setName='atlas-re6o2q-shard-0', canonicalAddress=leaderboards-shard-00-02.wcacf.mongodb.net:27017, hosts=[leaderboards-shard-00-02.wcacf.mongodb.net:27017, leaderboards-shard-00-01.wcacf.mongodb.net:27017, leaderboards-shard-00-00.wcacf.mongodb.net:27017], passives=[], arbiters=[], primary='leaderboards-shard-00-02.wcacf.mongodb.net:27017', tagSet=TagSet{[Tag{name='diskState', value='READY'}, Tag{name='nodeType', value='ELECTABLE'}, Tag{name='provider', value='AZURE'}, Tag{name='region', value='US_EAST_2'}, Tag{name='workloadType', value='OPERATIONAL'}]}, electionId=7fffffff0000000000000209, setVersion=276, topologyVersion=TopologyVersion{processId=674f30b9be3489943dd1b3f0, counter=9}, lastWriteDate=Tue Dec 03 12:23:49 COT 2024, lastUpdateTimeNanos=427087441355500}
2024-12-03T12:22:46.538-05:00  INFO 26888 --- [demo] [ngodb.net:27017] org.mongodb.driver.cluster               : Discovered replica set primary leaderboards-shard-00-02.wcacf.mongodb.net:27017 with max election id 7fffffff0000000000000209 and max set version 276
2024-12-03T12:22:46.561-05:00  INFO 26888 --- [demo] [ngodb.net:27017] org.mongodb.driver.cluster               : Monitor thread successfully connected to server with description ServerDescription{address=leaderboards-shard-00-00.wcacf.mongodb.net:27017, type=REPLICA_SET_SECONDARY, state=CONNECTED, ok=true, minWireVersion=0, maxWireVersion=25, maxDocumentSize=16777216, logicalSessionTimeoutMinutes=30, roundTripTimeNanos=157628900, setName='atlas-re6o2q-shard-0', canonicalAddress=leaderboards-shard-00-00.wcacf.mongodb.net:27017, hosts=[leaderboards-shard-00-02.wcacf.mongodb.net:27017, leaderboards-shard-00-01.wcacf.mongodb.net:27017, leaderboards-shard-00-00.wcacf.mongodb.net:27017], passives=[], arbiters=[], primary='leaderboards-shard-00-02.wcacf.mongodb.net:27017', tagSet=TagSet{[Tag{name='diskState', value='READY'}, Tag{name='nodeType', value='ELECTABLE'}, Tag{name='provider', value='AZURE'}, Tag{name='region', value='US_EAST_2'}, Tag{name='workloadType', value='OPERATIONAL'}]}, electionId=null, setVersion=276, topologyVersion=TopologyVersion{processId=674f340b850b0c5f4ab54c0a, counter=5}, lastWriteDate=Tue Dec 03 12:23:49 COT 2024, lastUpdateTimeNanos=427087464517800}
2024-12-03T12:22:47.359-05:00 DEBUG 26888 --- [demo] [           main] o.s.data.mongodb.core.MongoTemplate      : Remove using query: {} in collection: a.
2024-12-03T12:22:47.888-05:00 DEBUG 26888 --- [demo] [           main] o.s.data.mongodb.core.MongoTemplate      : Saving Document containing fields: [_id, email, level, score, _class]
2024-12-03T12:22:47.980-05:00 DEBUG 26888 --- [demo] [           main] o.s.data.mongodb.core.MongoTemplate      : findOne using query: { "nickName" : "newNick"} fields: Document{{}} for class: class com.example.demo.model.Player in collection: a
2024-12-03T12:22:48.084-05:00 DEBUG 26888 --- [demo] [           main] o.s.data.mongodb.core.MongoTemplate      : Remove using query: {} in collection: a.
]]></system-out>
  </testcase>
  <testcase name="testGetAllPlayers" classname="com.example.demo.DemoApplicationTests" time="0.29">
    <system-out><![CDATA[2024-12-03T12:22:48.175-05:00 DEBUG 26888 --- [demo] [           main] o.s.data.mongodb.core.MongoTemplate      : Remove using query: {} in collection: a.
2024-12-03T12:22:48.245-05:00 DEBUG 26888 --- [demo] [           main] o.s.data.mongodb.core.MongoTemplate      : Saving Document containing fields: [_id, email, level, score, _class]
2024-12-03T12:22:48.318-05:00 DEBUG 26888 --- [demo] [           main] o.s.data.mongodb.core.MongoTemplate      : find using query: {} fields: Document{{}} sort: null for class: class com.example.demo.model.Player in collection: a
2024-12-03T12:22:48.390-05:00 DEBUG 26888 --- [demo] [           main] o.s.data.mongodb.core.MongoTemplate      : Remove using query: {} in collection: a.
]]></system-out>
  </testcase>
  <testcase name="testGetEmail" classname="com.example.demo.DemoApplicationTests" time="0.302">
    <system-out><![CDATA[2024-12-03T12:22:48.465-05:00 DEBUG 26888 --- [demo] [           main] o.s.data.mongodb.core.MongoTemplate      : Remove using query: {} in collection: a.
2024-12-03T12:22:48.537-05:00 DEBUG 26888 --- [demo] [           main] o.s.data.mongodb.core.MongoTemplate      : Saving Document containing fields: [_id, email, level, score, _class]
2024-12-03T12:22:48.618-05:00 DEBUG 26888 --- [demo] [           main] o.s.data.mongodb.core.MongoTemplate      : findOne using query: { "nickName" : "testNick"} fields: Document{{}} for class: class com.example.demo.model.Player in collection: a
2024-12-03T12:22:48.689-05:00 DEBUG 26888 --- [demo] [           main] o.s.data.mongodb.core.MongoTemplate      : Remove using query: {} in collection: a.
]]></system-out>
  </testcase>
  <testcase name="testGetPlayer_UserFound" classname="com.example.demo.DemoApplicationTests" time="0.29">
    <system-out><![CDATA[2024-12-03T12:22:48.770-05:00 DEBUG 26888 --- [demo] [           main] o.s.data.mongodb.core.MongoTemplate      : Remove using query: {} in collection: a.
2024-12-03T12:22:48.840-05:00 DEBUG 26888 --- [demo] [           main] o.s.data.mongodb.core.MongoTemplate      : Saving Document containing fields: [_id, email, level, score, _class]
2024-12-03T12:22:48.913-05:00 DEBUG 26888 --- [demo] [           main] o.s.data.mongodb.core.MongoTemplate      : findOne using query: { "nickName" : "testNick"} fields: Document{{}} for class: class com.example.demo.model.Player in collection: a
2024-12-03T12:22:48.983-05:00 DEBUG 26888 --- [demo] [           main] o.s.data.mongodb.core.MongoTemplate      : Remove using query: {} in collection: a.
]]></system-out>
  </testcase>
  <testcase name="testGetLevelPlayer" classname="com.example.demo.DemoApplicationTests" time="0.289">
    <system-out><![CDATA[2024-12-03T12:22:49.060-05:00 DEBUG 26888 --- [demo] [           main] o.s.data.mongodb.core.MongoTemplate      : Remove using query: {} in collection: a.
2024-12-03T12:22:49.130-05:00 DEBUG 26888 --- [demo] [           main] o.s.data.mongodb.core.MongoTemplate      : Saving Document containing fields: [_id, email, level, score, _class]
2024-12-03T12:22:49.202-05:00 DEBUG 26888 --- [demo] [           main] o.s.data.mongodb.core.MongoTemplate      : findOne using query: { "nickName" : "testNick"} fields: Document{{}} for class: class com.example.demo.model.Player in collection: a
2024-12-03T12:22:49.272-05:00 DEBUG 26888 --- [demo] [           main] o.s.data.mongodb.core.MongoTemplate      : Remove using query: {} in collection: a.
]]></system-out>
  </testcase>
  <testcase name="testDeletePlayer" classname="com.example.demo.DemoApplicationTests" time="0.431">
    <system-out><![CDATA[2024-12-03T12:22:49.350-05:00 DEBUG 26888 --- [demo] [           main] o.s.data.mongodb.core.MongoTemplate      : Remove using query: {} in collection: a.
2024-12-03T12:22:49.420-05:00 DEBUG 26888 --- [demo] [           main] o.s.data.mongodb.core.MongoTemplate      : Saving Document containing fields: [_id, email, level, score, _class]
2024-12-03T12:22:49.494-05:00 DEBUG 26888 --- [demo] [           main] o.s.data.mongodb.core.MongoTemplate      : findOne using query: { "nickName" : "testNick"} fields: Document{{}} for class: class com.example.demo.model.Player in collection: a
2024-12-03T12:22:49.565-05:00 DEBUG 26888 --- [demo] [           main] o.s.data.mongodb.core.MongoTemplate      : Remove using query: { "_id" : "testNick"} in collection: a.
2024-12-03T12:22:49.637-05:00 DEBUG 26888 --- [demo] [           main] o.s.data.mongodb.core.MongoTemplate      : findOne using query: { "nickName" : "testNick"} fields: Document{{}} for class: class com.example.demo.model.Player in collection: a
2024-12-03T12:22:49.706-05:00 DEBUG 26888 --- [demo] [           main] o.s.data.mongodb.core.MongoTemplate      : Remove using query: {} in collection: a.
]]></system-out>
  </testcase>
  <testcase name="testUpdatePlayer_WithNickName" classname="com.example.demo.DemoApplicationTests" time="0.429">
    <system-out><![CDATA[2024-12-03T12:22:49.781-05:00 DEBUG 26888 --- [demo] [           main] o.s.data.mongodb.core.MongoTemplate      : Remove using query: {} in collection: a.
2024-12-03T12:22:49.852-05:00 DEBUG 26888 --- [demo] [           main] o.s.data.mongodb.core.MongoTemplate      : Saving Document containing fields: [_id, email, level, score, _class]
2024-12-03T12:22:49.923-05:00 DEBUG 26888 --- [demo] [           main] o.s.data.mongodb.core.MongoTemplate      : findOne using query: { "nickName" : "testNick"} fields: Document{{}} for class: class com.example.demo.model.Player in collection: a
2024-12-03T12:22:49.994-05:00 DEBUG 26888 --- [demo] [           main] o.s.data.mongodb.core.MongoTemplate      : Saving Document containing fields: [_id, email, level, score, _class]
2024-12-03T12:22:50.065-05:00 DEBUG 26888 --- [demo] [           main] o.s.data.mongodb.core.MongoTemplate      : findOne using query: { "nickName" : "testNick"} fields: Document{{}} for class: class com.example.demo.model.Player in collection: a
2024-12-03T12:22:50.136-05:00 DEBUG 26888 --- [demo] [           main] o.s.data.mongodb.core.MongoTemplate      : Remove using query: {} in collection: a.
]]></system-out>
  </testcase>
  <testcase name="testGetPlayer_UserNotFound" classname="com.example.demo.DemoApplicationTests" time="0.214">
    <system-out><![CDATA[2024-12-03T12:22:50.211-05:00 DEBUG 26888 --- [demo] [           main] o.s.data.mongodb.core.MongoTemplate      : Remove using query: {} in collection: a.
2024-12-03T12:22:50.281-05:00 DEBUG 26888 --- [demo] [           main] o.s.data.mongodb.core.MongoTemplate      : findOne using query: { "nickName" : "unknownNick"} fields: Document{{}} for class: class com.example.demo.model.Player in collection: a
2024-12-03T12:22:50.351-05:00 DEBUG 26888 --- [demo] [           main] o.s.data.mongodb.core.MongoTemplate      : Remove using query: {} in collection: a.
]]></system-out>
  </testcase>
  <testcase name="testGetNickName" classname="com.example.demo.DemoApplicationTests" time="0.142">
    <system-out><![CDATA[2024-12-03T12:22:50.425-05:00 DEBUG 26888 --- [demo] [           main] o.s.data.mongodb.core.MongoTemplate      : Remove using query: {} in collection: a.
2024-12-03T12:22:50.495-05:00 DEBUG 26888 --- [demo] [           main] o.s.data.mongodb.core.MongoTemplate      : Remove using query: {} in collection: a.
]]></system-out>
  </testcase>
  <testcase name="testUpdatePlayer_WithPlayerObject" classname="com.example.demo.DemoApplicationTests" time="0.296">
    <system-out><![CDATA[2024-12-03T12:22:50.569-05:00 DEBUG 26888 --- [demo] [           main] o.s.data.mongodb.core.MongoTemplate      : Remove using query: {} in collection: a.
2024-12-03T12:22:50.638-05:00 DEBUG 26888 --- [demo] [           main] o.s.data.mongodb.core.MongoTemplate      : Saving Document containing fields: [_id, email, level, score, _class]
2024-12-03T12:22:50.711-05:00 DEBUG 26888 --- [demo] [           main] o.s.data.mongodb.core.MongoTemplate      : Saving Document containing fields: [_id, email, level, score, _class]
2024-12-03T12:22:50.784-05:00 DEBUG 26888 --- [demo] [           main] o.s.data.mongodb.core.MongoTemplate      : Remove using query: {} in collection: a.
]]></system-out>
  </testcase>
</testsuite>